#
# There is insufficient memory for the Java Runtime Environment to continue.
# Native memory allocation (mmap) failed to map 134217728 bytes for G1 virtual space
# Possible reasons:
#   The system is out of physical RAM or swap space
#   The process is running with CompressedOops enabled, and the Java Heap may be blocking the growth of the native heap
# Possible solutions:
#   Reduce memory load on the system
#   Increase physical memory or swap space
#   Check if swap backing store is full
#   Decrease Java heap size (-Xmx/-Xms)
#   Decrease number of Java threads
#   Decrease Java thread stack sizes (-Xss)
#   Set larger code cache with -XX:ReservedCodeCacheSize=
#   JVM is running with Unscaled Compressed Oops mode in which the Java heap is
#     placed in the first 4GB address space. The Java Heap base address is the
#     maximum limit for the native heap growth. Please use -XX:HeapBaseMinAddress
#     to set the Java Heap base and to place the Java Heap above 4GB virtual address.
# This output file may be truncated or incomplete.
#
#  Out of Memory Error (os_windows.cpp:3530), pid=2856, tid=6700
#
# JRE version:  (18.0.2.1+1) (build )
# Java VM: OpenJDK 64-Bit Server VM (18.0.2.1+1-1, mixed mode, sharing, tiered, compressed oops, compressed class ptrs, g1 gc, windows-amd64)
# No core dump will be written. Minidumps are not enabled by default on client versions of Windows
#

---------------  S U M M A R Y ------------

Command Line: -Dmaven.multiModuleProjectDirectory=E:\project files\Maven Backend\course14\s4\BE-MC-MusicApp -Dmaven.home=C:\Users\HP\.m2\wrapper\dists\apache-maven-3.8.6-bin\1ks0nkde5v1pk9vtc31i9d0lcd\apache-maven-3.8.6 -Dclassworlds.conf=C:\Users\HP\.m2\wrapper\dists\apache-maven-3.8.6-bin\1ks0nkde5v1pk9vtc31i9d0lcd\apache-maven-3.8.6\bin\m2.conf -Dmaven.ext.class.path=C:\Users\HP\AppData\Local\JetBrains\Toolbox\apps\IDEA-C\ch-0\222.4345.14\plugins\maven\lib\maven-event-listener.jar -javaagent:C:\Users\HP\AppData\Local\JetBrains\Toolbox\apps\IDEA-C\ch-0\222.4345.14\lib\idea_rt.jar=17405:C:\Users\HP\AppData\Local\JetBrains\Toolbox\apps\IDEA-C\ch-0\222.4345.14\bin -Dfile.encoding=UTF-8 -Dsun.stdout.encoding=UTF-8 -Dsun.stderr.encoding=UTF-8 org.codehaus.classworlds.Launcher -Didea.version=2022.2.3 compile

Host: Intel(R) Core(TM) i5-6300U CPU @ 2.40GHz, 4 cores, 7G,  Windows 10 , 64 bit Build 19041 (10.0.19041.2251)
Time: Thu Nov 24 16:10:38 2022 India Standard Time elapsed time: 0.082986 seconds (0d 0h 0m 0s)

---------------  T H R E A D  ---------------

Current thread (0x000001ba6e3de9b0):  JavaThread "Unknown thread" [_thread_in_vm, id=6700, stack(0x0000009ec0e00000,0x0000009ec0f00000)]

Stack: [0x0000009ec0e00000,0x0000009ec0f00000]
Native frames: (J=compiled Java code, j=interpreted, Vv=VM code, C=native code)
V  [jvm.dll+0x6993aa]
V  [jvm.dll+0x7f46dd]
V  [jvm.dll+0x7f5fee]
V  [jvm.dll+0x7f66a3]
V  [jvm.dll+0x25cf1f]
V  [jvm.dll+0x6962f9]
V  [jvm.dll+0x68ae2a]
V  [jvm.dll+0x32255b]
V  [jvm.dll+0x329f36]
V  [jvm.dll+0x37eade]
V  [jvm.dll+0x37ed0f]
V  [jvm.dll+0x2fa2da]
V  [jvm.dll+0x2fb33d]
V  [jvm.dll+0x7c3310]
V  [jvm.dll+0x38be61]
V  [jvm.dll+0x7a2023]
V  [jvm.dll+0x40dc3f]
V  [jvm.dll+0x40f611]
C  [jli.dll+0x526b]
C  [ucrtbase.dll+0x21bb2]
C  [KERNEL32.DLL+0x174b4]
C  [ntdll.dll+0x526a1]


---------------  P R O C E S S  ---------------

Threads class SMR info:
_java_thread_list=0x00007ff84b17e550, length=0, elements={
}

Java Threads: ( => current thread )

Other Threads:
  0x000001ba6e43df60 WorkerThread "GC Thread#0" [stack: 0x0000009ec0f00000,0x0000009ec1000000] [id=208]
  0x000001ba6e44eb10 ConcurrentGCThread "G1 Main Marker" [stack: 0x0000009ec1000000,0x0000009ec1100000] [id=13520]
  0x000001ba6e44f500 WorkerThread "G1 Conc#0" [stack: 0x0000009ec1100000,0x0000009ec1200000] [id=5000]

[error occurred during error reporting (printing all threads), id 0xc0000005, EXCEPTION_ACCESS_VIOLATION (0xc0000005) at pc=0x00007ff84a9aa877]

VM state: not at safepoint (not fully initialized)

VM Mutex/Monitor currently owned by a thread:  ([mutex/lock_event])
[0x000001ba6e3db610] Heap_lock - owner thread: 0x000001ba6e3de9b0

Heap address: 0x0000000081c00000, size: 2020 MB, Compressed Oops mode: 32-bit

CDS archive(s) mapped at: [0x0000000000000000-0x0000000000000000-0x0000000000000000), size 0, SharedBaseAddress: 0x0000000800000000, ArchiveRelocationMode: 0.
Narrow klass base: 0x0000000000000000, Narrow klass shift: 0, Narrow klass range: 0x0

GC Precious Log:
 CardTable entry size: 512
 Card Set container configuration: InlinePtr #cards 5 size 8 Array Of Cards #cards 12 size 40 Howl #buckets 4 coarsen threshold 1843 Howl Bitmap #cards 512 size 80 coarsen threshold 460 Card regions per heap region 1 cards per card region 2048

Heap:
 garbage-first heap   total 0K, used 0K [0x0000000081c00000, 0x0000000100000000)
  region size 1024K, 0 young (0K), 0 survivors (0K)

[error occurred during error reporting (printing heap information), id 0xc0000005, EXCEPTION_ACCESS_VIOLATION (0xc0000005) at pc=0x00007ff84ad91839]

GC Heap History (0 events):
No events

Deoptimization events (0 events):
No events

Classes loaded (0 events):
No events

Classes unloaded (0 events):
No events

Classes redefined (0 events):
No events

Internal exceptions (0 events):
No events

VM Operations (0 events):
No events

Events (1 events):
Event: 0.056 Loaded shared library C:\Users\HP\.jdks\openjdk-18.0.2.1\bin\java.dll


Dynamic libraries:
0x00007ff7d22c0000 - 0x00007ff7d22ce000 	C:\Users\HP\.jdks\openjdk-18.0.2.1\bin\java.exe
0x00007ff892950000 - 0x00007ff892b48000 	C:\WINDOWS\SYSTEM32\ntdll.dll
0x00007ff892380000 - 0x00007ff89243f000 	C:\WINDOWS\System32\KERNEL32.DLL
0x00007ff8902c0000 - 0x00007ff890592000 	C:\WINDOWS\System32\KERNELBASE.dll
0x00007ff8906e0000 - 0x00007ff8907e0000 	C:\WINDOWS\System32\ucrtbase.dll
0x00007ff881dc0000 - 0x00007ff881dd7000 	C:\Users\HP\.jdks\openjdk-18.0.2.1\bin\jli.dll
0x00007ff891160000 - 0x00007ff8912fd000 	C:\WINDOWS\System32\USER32.dll
0x00007ff890050000 - 0x00007ff890072000 	C:\WINDOWS\System32\win32u.dll
0x00007ff892760000 - 0x00007ff89278b000 	C:\WINDOWS\System32\GDI32.dll
0x00007ff8905a0000 - 0x00007ff8906af000 	C:\WINDOWS\System32\gdi32full.dll
0x00007ff8907e0000 - 0x00007ff89087d000 	C:\WINDOWS\System32\msvcp_win.dll
0x00007ff881e00000 - 0x00007ff881e1a000 	C:\Users\HP\.jdks\openjdk-18.0.2.1\bin\VCRUNTIME140.dll
0x00007ff8719a0000 - 0x00007ff871c3a000 	C:\WINDOWS\WinSxS\amd64_microsoft.windows.common-controls_6595b64144ccf1df_6.0.19041.1110_none_60b5254171f9507e\COMCTL32.dll
0x00007ff8927a0000 - 0x00007ff89283e000 	C:\WINDOWS\System32\msvcrt.dll
0x00007ff892340000 - 0x00007ff892372000 	C:\WINDOWS\System32\IMM32.DLL
0x00007ff88bf00000 - 0x00007ff88bf0c000 	C:\Users\HP\.jdks\openjdk-18.0.2.1\bin\vcruntime140_1.dll
0x00007ff8567a0000 - 0x00007ff85682d000 	C:\Users\HP\.jdks\openjdk-18.0.2.1\bin\msvcp140.dll
0x00007ff84a6a0000 - 0x00007ff84b2b1000 	C:\Users\HP\.jdks\openjdk-18.0.2.1\bin\server\jvm.dll
0x00007ff8909a0000 - 0x00007ff890a4e000 	C:\WINDOWS\System32\ADVAPI32.dll
0x00007ff892560000 - 0x00007ff8925fc000 	C:\WINDOWS\System32\sechost.dll
0x00007ff890ac0000 - 0x00007ff890be5000 	C:\WINDOWS\System32\RPCRT4.dll
0x00007ff892330000 - 0x00007ff892338000 	C:\WINDOWS\System32\PSAPI.DLL
0x00007ff88be10000 - 0x00007ff88be19000 	C:\WINDOWS\SYSTEM32\WSOCK32.dll
0x00007ff892840000 - 0x00007ff8928ab000 	C:\WINDOWS\System32\WS2_32.dll
0x00007ff878ac0000 - 0x00007ff878ae7000 	C:\WINDOWS\SYSTEM32\WINMM.dll
0x00007ff88a5c0000 - 0x00007ff88a5ca000 	C:\WINDOWS\SYSTEM32\VERSION.dll
0x00007ff88ded0000 - 0x00007ff88dee2000 	C:\WINDOWS\SYSTEM32\kernel.appcore.dll
0x00007ff882c10000 - 0x00007ff882c1a000 	C:\Users\HP\.jdks\openjdk-18.0.2.1\bin\jimage.dll
0x00007ff882dc0000 - 0x00007ff882fa4000 	C:\WINDOWS\SYSTEM32\DBGHELP.DLL
0x00007ff87cd70000 - 0x00007ff87cd9c000 	C:\WINDOWS\SYSTEM32\dbgcore.DLL
0x00007ff8900d0000 - 0x00007ff890152000 	C:\WINDOWS\System32\bcryptPrimitives.dll
0x00007ff88bde0000 - 0x00007ff88bdee000 	C:\Users\HP\.jdks\openjdk-18.0.2.1\bin\instrument.dll
0x00007ff868f50000 - 0x00007ff868f75000 	C:\Users\HP\.jdks\openjdk-18.0.2.1\bin\java.dll

dbghelp: loaded successfully - version: 4.0.5 - missing functions: none
symbol engine: initialized successfully - sym options: 0x614 - pdb path: .;C:\Users\HP\.jdks\openjdk-18.0.2.1\bin;C:\WINDOWS\SYSTEM32;C:\WINDOWS\WinSxS\amd64_microsoft.windows.common-controls_6595b64144ccf1df_6.0.19041.1110_none_60b5254171f9507e;C:\Users\HP\.jdks\openjdk-18.0.2.1\bin\server

VM Arguments:
jvm_args: -Dmaven.multiModuleProjectDirectory=E:\project files\Maven Backend\course14\s4\BE-MC-MusicApp -Dmaven.home=C:\Users\HP\.m2\wrapper\dists\apache-maven-3.8.6-bin\1ks0nkde5v1pk9vtc31i9d0lcd\apache-maven-3.8.6 -Dclassworlds.conf=C:\Users\HP\.m2\wrapper\dists\apache-maven-3.8.6-bin\1ks0nkde5v1pk9vtc31i9d0lcd\apache-maven-3.8.6\bin\m2.conf -Dmaven.ext.class.path=C:\Users\HP\AppData\Local\JetBrains\Toolbox\apps\IDEA-C\ch-0\222.4345.14\plugins\maven\lib\maven-event-listener.jar -javaagent:C:\Users\HP\AppData\Local\JetBrains\Toolbox\apps\IDEA-C\ch-0\222.4345.14\lib\idea_rt.jar=17405:C:\Users\HP\AppData\Local\JetBrains\Toolbox\apps\IDEA-C\ch-0\222.4345.14\bin -Dfile.encoding=UTF-8 -Dsun.stdout.encoding=UTF-8 -Dsun.stderr.encoding=UTF-8 
java_command: org.codehaus.classworlds.Launcher -Didea.version=2022.2.3 compile
java_class_path (initial): C:\Users\HP\.m2\wrapper\dists\apache-maven-3.8.6-bin\1ks0nkde5v1pk9vtc31i9d0lcd\apache-maven-3.8.6\boot\plexus-classworlds-2.6.0.jar;C:\Users\HP\.m2\wrapper\dists\apache-maven-3.8.6-bin\1ks0nkde5v1pk9vtc31i9d0lcd\apache-maven-3.8.6\boot\plexus-classworlds.license
Launcher Type: SUN_STANDARD

[Global flags]
     intx CICompilerCount                          = 3                                         {product} {ergonomic}
     uint ConcGCThreads                            = 1                                         {product} {ergonomic}
     uint G1ConcRefinementThreads                  = 4                                         {product} {ergonomic}
   size_t G1HeapRegionSize                         = 1048576                                   {product} {ergonomic}
    uintx GCDrainStackTargetSize                   = 64                                        {product} {ergonomic}
   size_t InitialHeapSize                          = 134217728                                 {product} {ergonomic}
   size_t MarkStackSize                            = 4194304                                   {product} {ergonomic}
   size_t MaxHeapSize                              = 2118123520                                {product} {ergonomic}
   size_t MinHeapDeltaBytes                        = 1048576                                   {product} {ergonomic}
   size_t MinHeapSize                              = 8388608                                   {product} {ergonomic}
    uintx NonNMethodCodeHeapSize                   = 5832780                                {pd product} {ergonomic}
    uintx NonProfiledCodeHeapSize                  = 122912730                              {pd product} {ergonomic}
    uintx ProfiledCodeHeapSize                     = 122912730                              {pd product} {ergonomic}
    uintx ReservedCodeCacheSize                    = 251658240                              {pd product} {ergonomic}
     bool SegmentedCodeCache                       = true                                      {product} {ergonomic}
   size_t SoftMaxHeapSize                          = 2118123520                             {manageable} {ergonomic}
     bool UseCompressedClassPointers               = true                           {product lp64_product} {ergonomic}
     bool UseCompressedOops                        = true                           {product lp64_product} {ergonomic}
     bool UseG1GC                                  = true                                      {product} {ergonomic}
     bool UseLargePagesIndividualAllocation        = false                                  {pd product} {ergonomic}

Logging:
Log output configuration:
 #0: stdout all=warning uptime,level,tags foldmultilines=false
 #1: stderr all=off uptime,level,tags foldmultilines=false

Environment Variables:
PATH=C:\Program Files\Common Files\Oracle\Java\javapath;C:\WINDOWS\system32;C:\WINDOWS;C:\WINDOWS\System32\Wbem;C:\WINDOWS\System32\WindowsPowerShell\v1.0\;C:\WINDOWS\System32\OpenSSH\;C:\Program Files\Git\cmd;C:\Program Files\dotnet\;C:\Program Files\MySQL\MySQL Server 8.0\bin;C:\Program Files\nodejs\;C:\Program Files\Docker\Docker\resources\bin;C:\Program Files\MySQL\MySQL Shell 8.0\bin\;C:\Users\HP\AppData\Local\Microsoft\WindowsApps;;C:\Users\HP\AppData\Local\JetBrains\Toolbox\scripts;C:\Users\HP\AppData\Local\Programs\Microsoft VS Code\bin;C:\Users\HP\AppData\Roaming\npm
USERNAME=HP
OS=Windows_NT
PROCESSOR_IDENTIFIER=Intel64 Family 6 Model 78 Stepping 3, GenuineIntel



---------------  S Y S T E M  ---------------

OS:
 Windows 10 , 64 bit Build 19041 (10.0.19041.2251)
OS uptime: 0 days 19:15 hours
Hyper-V role detected

CPU: total 4 (initial active 4) (2 cores per cpu, 2 threads per core) family 6 model 78 stepping 3 microcode 0xcc, cx8, cmov, fxsr, ht, mmx, 3dnowpref, sse, sse2, sse3, ssse3, sse4.1, sse4.2, popcnt, lzcnt, tsc, tscinvbit, avx, avx2, aes, erms, clmul, bmi1, bmi2, rtm, adx, fma, vzeroupper, clflush, clflushopt, hv

Memory: 4k page, system-wide physical 8072M (275M free)
TotalPageFile size 13036M (AvailPageFile size 42M)
current process WorkingSet (physical memory assigned to process): 10M, peak: 10M
current process commit charge ("private bytes"): 52M, peak: 179M

vm_info: OpenJDK 64-Bit Server VM (18.0.2.1+1-1) for windows-amd64 JRE (18.0.2.1+1-1), built on Aug 16 2022 01:44:29 by "mach5one" with MS VC++ 16.8 / 16.9 (VS2019)

END.
